<?xml version="1.0" encoding="UTF-8"?>
<!-- Generated by org.testng.reporters.JUnitReportReporter -->
<testsuite hostname="DESKTOP-CCC9FN8" failures="0" tests="1" name="com.pharmeasy.testscript.AddPatient" time="0.017" errors="0" timestamp="2025-09-21T11:39:28 IST" skipped="0">
  <testcase classname="com.pharmeasy.testscript.AddPatient" name="addNewPatient" time="0.017">
    <system-out>
      <![CDATA[pass]]>
    </system-out>
  </testcase> <!-- addNewPatient -->
  <system-out>
    <![CDATA[pass]]>
  </system-out>
</testsuite> <!-- com.pharmeasy.testscript.AddPatient -->
